User/app/build/intermediates/manifest_merge_blame_file/debug/manifest-merger-blame-debug-report.txt
1<?xml version="1.0" encoding="utf-8"?>
2<manifest xmlns:android="http://schemas.android.com/apk/res/android"
3    package="com.example.user"
4    android:versionCode="1"
5    android:versionName="1.0" >
6
7    <uses-sdk
8        android:minSdkVersion="23"
8-->src\main\AndroidManifest.xml
9        android:targetSdkVersion="30" />
9-->src\main\AndroidManifest.xml
10
11    <uses-permission android:name="android.permission.INTERNET" />
11-->[com.google.android.gms:play-services-measurement-api:18.0.2] AndroidManifest.xml:22:5-67
11-->[com.google.android.gms:play-services-measurement-api:18.0.2] AndroidManifest.xml:22:22-64
12    <uses-permission android:name="android.permission.ACCESS_NETWORK_STATE" />
12-->[com.google.android.gms:play-services-measurement-api:18.0.2] AndroidManifest.xml:23:5-79
12-->[com.google.android.gms:play-services-measurement-api:18.0.2] AndroidManifest.xml:23:22-76
13    <uses-permission android:name="android.permission.WAKE_LOCK" />
13-->[com.google.android.gms:play-services-measurement-api:18.0.2] AndroidManifest.xml:24:5-68
13-->[com.google.android.gms:play-services-measurement-api:18.0.2] AndroidManifest.xml:24:22-65
14    <uses-permission android:name="com.google.android.finsky.permission.BIND_GET_INSTALL_REFERRER_SERVICE" />
14-->[com.google.android.gms:play-services-measurement:18.0.2] AndroidManifest.xml:26:5-110
14-->[com.google.android.gms:play-services-measurement:18.0.2] AndroidManifest.xml:26:22-107
15
16    <application
16-->src\main\AndroidManifest.xml:5:5-22:19
17        android:allowBackup="true"
17-->src\main\AndroidManifest.xml:6:9-35
18        android:appComponentFactory="androidx.core.app.CoreComponentFactory"
18-->[androidx.core:core:1.3.1] AndroidManifest.xml:24:18-86
19        android:debuggable="true"
20        android:extractNativeLibs="false"
21        android:icon="@mipmap/ic_launcher"
21-->src\main\AndroidManifest.xml:7:9-43
22        android:label="@string/app_name"
22-->src\main\AndroidManifest.xml:8:9-41
23        android:roundIcon="@mipmap/ic_launcher_round"
23-->src\main\AndroidManifest.xml:9:9-54
24        android:supportsRtl="true"
24-->src\main\AndroidManifest.xml:10:9-35
25        android:testOnly="true"
26        android:theme="@style/Theme.User" >
26-->src\main\AndroidManifest.xml:11:9-42
27        <activity android:name="com.example.user.Signup" />
27-->src\main\AndroidManifest.xml:12:9-53
27-->src\main\AndroidManifest.xml:12:19-41
28        <activity android:name="com.example.user.Login" />
28-->src\main\AndroidManifest.xml:13:9-43
28-->src\main\AndroidManifest.xml:13:19-40
29        <activity android:name="com.example.user.StartScreen" />
29-->src\main\AndroidManifest.xml:14:9-49
29-->src\main\AndroidManifest.xml:14:19-46
30        <activity android:name="com.example.user.SplashScreen" >
30-->src\main\AndroidManifest.xml:15:9-21:20
30-->src\main\AndroidManifest.xml:15:19-47
31            <intent-filter>
31-->src\main\AndroidManifest.xml:16:13-20:29
32                <action android:name="android.intent.action.MAIN" />
32-->src\main\AndroidManifest.xml:17:17-69
32-->src\main\AndroidManifest.xml:17:25-66
33
34                <category android:name="android.intent.category.LAUNCHER" />
34-->src\main\AndroidManifest.xml:19:17-77
34-->src\main\AndroidManifest.xml:19:27-74
35            </intent-filter>
36        </activity>
37
38        <service
38-->[com.google.android.gms:play-services-measurement-api:18.0.2] AndroidManifest.xml:27:9-33:19
39            android:name="com.google.firebase.components.ComponentDiscoveryService"
39-->[com.google.android.gms:play-services-measurement-api:18.0.2] AndroidManifest.xml:28:13-84
40            android:directBootAware="true"
40-->[com.google.firebase:firebase-common:19.5.0] AndroidManifest.xml:35:13-43
41            android:exported="false" >
41-->[com.google.android.gms:play-services-measurement-api:18.0.2] AndroidManifest.xml:29:13-37
42            <meta-data
42-->[com.google.android.gms:play-services-measurement-api:18.0.2] AndroidManifest.xml:30:13-32:85
43                android:name="com.google.firebase.components:com.google.firebase.analytics.connector.internal.AnalyticsConnectorRegistrar"
43-->[com.google.android.gms:play-services-measurement-api:18.0.2] AndroidManifest.xml:31:17-139
44                android:value="com.google.firebase.components.ComponentRegistrar" />
44-->[com.google.android.gms:play-services-measurement-api:18.0.2] AndroidManifest.xml:32:17-82
45            <meta-data
45-->[com.google.firebase:firebase-installations:16.3.5] AndroidManifest.xml:18:13-20:85
46                android:name="com.google.firebase.components:com.google.firebase.installations.FirebaseInstallationsRegistrar"
46-->[com.google.firebase:firebase-installations:16.3.5] AndroidManifest.xml:19:17-127
47                android:value="com.google.firebase.components.ComponentRegistrar" />
47-->[com.google.firebase:firebase-installations:16.3.5] AndroidManifest.xml:20:17-82
48            <!--
49                This registrar is not defined in the dynamic-module-support sdk itself to allow non-firebase
50                clients to use it as well, by defining this registrar in their own core/common library.
51            -->
52            <meta-data
52-->[com.google.firebase:firebase-common:19.5.0] AndroidManifest.xml:43:13-45:85
53                android:name="com.google.firebase.components:com.google.firebase.dynamicloading.DynamicLoadingRegistrar"
53-->[com.google.firebase:firebase-common:19.5.0] AndroidManifest.xml:44:17-121
54                android:value="com.google.firebase.components.ComponentRegistrar" />
54-->[com.google.firebase:firebase-common:19.5.0] AndroidManifest.xml:45:17-82
55        </service>
56
57        <provider
57-->[com.google.firebase:firebase-common:19.5.0] AndroidManifest.xml:26:9-31:39
58            android:name="com.google.firebase.provider.FirebaseInitProvider"
58-->[com.google.firebase:firebase-common:19.5.0] AndroidManifest.xml:27:13-77
59            android:authorities="com.example.user.firebaseinitprovider"
59-->[com.google.firebase:firebase-common:19.5.0] AndroidManifest.xml:28:13-72
60            android:directBootAware="true"
60-->[com.google.firebase:firebase-common:19.5.0] AndroidManifest.xml:29:13-43
61            android:exported="false"
61-->[com.google.firebase:firebase-common:19.5.0] AndroidManifest.xml:30:13-37
62            android:initOrder="100" />
62-->[com.google.firebase:firebase-common:19.5.0] AndroidManifest.xml:31:13-36
63
64        <receiver
64-->[com.google.android.gms:play-services-measurement:18.0.2] AndroidManifest.xml:29:9-33:20
65            android:name="com.google.android.gms.measurement.AppMeasurementReceiver"
65-->[com.google.android.gms:play-services-measurement:18.0.2] AndroidManifest.xml:30:13-85
66            android:enabled="true"
66-->[com.google.android.gms:play-services-measurement:18.0.2] AndroidManifest.xml:31:13-35
67            android:exported="false" >
67-->[com.google.android.gms:play-services-measurement:18.0.2] AndroidManifest.xml:32:13-37
68        </receiver>
69
70        <service
70-->[com.google.android.gms:play-services-measurement:18.0.2] AndroidManifest.xml:35:9-38:40
71            android:name="com.google.android.gms.measurement.AppMeasurementService"
71-->[com.google.android.gms:play-services-measurement:18.0.2] AndroidManifest.xml:36:13-84
72            android:enabled="true"
72-->[com.google.android.gms:play-services-measurement:18.0.2] AndroidManifest.xml:37:13-35
73            android:exported="false" />
73-->[com.google.android.gms:play-services-measurement:18.0.2] AndroidManifest.xml:38:13-37
74        <service
74-->[com.google.android.gms:play-services-measurement:18.0.2] AndroidManifest.xml:39:9-43:72
75            android:name="com.google.android.gms.measurement.AppMeasurementJobService"
75-->[com.google.android.gms:play-services-measurement:18.0.2] AndroidManifest.xml:40:13-87
76            android:enabled="true"
76-->[com.google.android.gms:play-services-measurement:18.0.2] AndroidManifest.xml:41:13-35
77            android:exported="false"
77-->[com.google.android.gms:play-services-measurement:18.0.2] AndroidManifest.xml:42:13-37
78            android:permission="android.permission.BIND_JOB_SERVICE" />
78-->[com.google.android.gms:play-services-measurement:18.0.2] AndroidManifest.xml:43:13-69
79
80        <meta-data
80-->[com.google.android.gms:play-services-basement:17.0.0] AndroidManifest.xml:23:9-25:69
81            android:name="com.google.android.gms.version"
81-->[com.google.android.gms:play-services-basement:17.0.0] AndroidManifest.xml:24:13-58
82            android:value="@integer/google_play_services_version" />
82-->[com.google.android.gms:play-services-basement:17.0.0] AndroidManifest.xml:25:13-66
83    </application>
84
85</manifest>